<?xml version="1.0" encoding="UTF-8"?>
<testsuite xmlns:xsi="http://www.w3.org/2001/XMLSchema-instance" xsi:noNamespaceSchemaLocation="https://maven.apache.org/surefire/maven-surefire-plugin/xsd/surefire-test-report-3.0.xsd" version="3.0" name="com.arzobispado.aplicacion.AplicacionApplicationTests" time="7.897" tests="1" errors="0" skipped="0" failures="0">
  <properties>
[...]
</properties>
  <testcase name="contextLoads" classname="com.arzobispado.aplicacion.AplicacionApplicationTests" time="1.264">
    <system-out><![CDATA[13:22:58.701 [main] INFO org.springframework.test.context.support.AnnotationConfigContextLoaderUtils -- Could not detect default configuration classes for test class [com.arzobispado.aplicacion.AplicacionApplicationTests]: AplicacionApplicationTests does not declare any static, non-private, non-final, nested classes annotated with @Configuration.
13:22:58.840 [main] INFO org.springframework.boot.test.context.SpringBootTestContextBootstrapper -- Found @SpringBootConfiguration com.arzobispado.aplicacion.AplicacionApplication for test class com.arzobispado.aplicacion.AplicacionApplicationTests
13:22:59.045 [main] INFO org.springframework.boot.devtools.restart.RestartApplicationListener -- Restart disabled due to context in which it is running

  .   ____          _            __ _ _
 /\\ / ___'_ __ _ _(_)_ __  __ _ \ \ \ \
( ( )\___ | '_ | '_| | '_ \/ _` | \ \ \ \
 \\/  ___)| |_)| | | | | || (_| |  ) ) ) )
  '  |____| .__|_| |_|_| |_\__, | / / / /
 =========|_|==============|___/=/_/_/_/
 :: Spring Boot ::                (v3.2.0)

2023-11-26T13:22:59.343-05:00  INFO 17172 --- [           main] c.a.a.AplicacionApplicationTests         : Starting AplicacionApplicationTests using Java 21.0.1 with PID 17172 (started by KarenMontes in C:\Users\KarenMontes\Desktop\aplicacion\aplicacion)
2023-11-26T13:22:59.343-05:00  INFO 17172 --- [           main] c.a.a.AplicacionApplicationTests         : No active profile set, falling back to 1 default profile: "default"
2023-11-26T13:23:00.435-05:00  INFO 17172 --- [           main] .s.d.r.c.RepositoryConfigurationDelegate : Bootstrapping Spring Data JPA repositories in DEFAULT mode.
2023-11-26T13:23:00.476-05:00  INFO 17172 --- [           main] .s.d.r.c.RepositoryConfigurationDelegate : Finished Spring Data repository scanning in 25 ms. Found 0 JPA repository interfaces.
2023-11-26T13:23:01.462-05:00  INFO 17172 --- [           main] o.hibernate.jpa.internal.util.LogHelper  : HHH000204: Processing PersistenceUnitInfo [name: default]
2023-11-26T13:23:01.568-05:00  INFO 17172 --- [           main] org.hibernate.Version                    : HHH000412: Hibernate ORM core version 6.3.1.Final
2023-11-26T13:23:01.623-05:00  INFO 17172 --- [           main] o.h.c.internal.RegionFactoryInitiator    : HHH000026: Second-level cache disabled
2023-11-26T13:23:02.128-05:00  INFO 17172 --- [           main] o.s.o.j.p.SpringPersistenceUnitInfo      : No LoadTimeWeaver setup: ignoring JPA class transformer
2023-11-26T13:23:02.195-05:00  INFO 17172 --- [           main] com.zaxxer.hikari.HikariDataSource       : HikariPool-1 - Starting...
2023-11-26T13:23:02.930-05:00  INFO 17172 --- [           main] com.zaxxer.hikari.pool.HikariPool        : HikariPool-1 - Added connection com.mysql.cj.jdbc.ConnectionImpl@5613247e
2023-11-26T13:23:02.930-05:00  INFO 17172 --- [           main] com.zaxxer.hikari.HikariDataSource       : HikariPool-1 - Start completed.
2023-11-26T13:23:03.549-05:00  INFO 17172 --- [           main] o.h.e.t.j.p.i.JtaPlatformInitiator       : HHH000489: No JTA platform available (set 'hibernate.transaction.jta.platform' to enable JTA platform integration)
2023-11-26T13:23:03.557-05:00  INFO 17172 --- [           main] j.LocalContainerEntityManagerFactoryBean : Initialized JPA EntityManagerFactory for persistence unit 'default'
2023-11-26T13:23:03.969-05:00  WARN 17172 --- [           main] JpaBaseConfiguration$JpaWebConfiguration : spring.jpa.open-in-view is enabled by default. Therefore, database queries may be performed during view rendering. Explicitly configure spring.jpa.open-in-view to disable this warning
2023-11-26T13:23:04.270-05:00  INFO 17172 --- [           main] o.s.b.a.w.s.WelcomePageHandlerMapping    : Adding welcome page template: index
2023-11-26T13:23:05.070-05:00  INFO 17172 --- [           main] c.a.a.AplicacionApplicationTests         : Started AplicacionApplicationTests in 6.05 seconds (process running for 7.502)
]]></system-out>
    <system-err><![CDATA[WARNING: A Java agent has been loaded dynamically (C:\Users\KarenMontes\.m2\repository\net\bytebuddy\byte-buddy-agent\1.14.10\byte-buddy-agent-1.14.10.jar)
WARNING: If a serviceability tool is in use, please run with -XX:+EnableDynamicAgentLoading to hide this warning
WARNING: If a serviceability tool is not in use, please run with -Djdk.instrument.traceUsage for more information
WARNING: Dynamic loading of agents will be disallowed by default in a future release
]]></system-err>
  </testcase>
</testsuite>